<?xml version="1.0" encoding="UTF-8"?>
<!-- Generated by org.testng.reporters.JUnitReportReporter -->
<testsuite skipped="0" hostname="Keerthi" name="com.crm.qa.testcases.LoginPageTest" tests="3" failures="0" timestamp="2022-01-10T14:03:59 IST" time="23.878" errors="0">
  <testcase name="loginPageTitleOfPageTest" time="5.081" classname="com.crm.qa.testcases.LoginPageTest"/>
  <system-out/>
  <testcase name="loginPageLaunchLandingpageTest" time="6.161" classname="com.crm.qa.testcases.LoginPageTest"/>
  <system-out/>
  <testcase name="loginPageLoginTest" time="12.636" classname="com.crm.qa.testcases.LoginPageTest"/>
  <system-out/>
</testsuite> <!-- com.crm.qa.testcases.LoginPageTest -->
