<?xml version="1.0" encoding="UTF-8"?>
<!-- Generated by org.testng.reporters.JUnitReportReporter -->
<testsuite skipped="0" hostname="Keerthi" name="com.crm.qa.testcases.HomePageTest" tests="3" failures="0" timestamp="2021-12-29T15:34:51 IST" time="36.497" errors="0">
  <testcase name="homePageLoginTest" time="11.595" classname="com.crm.qa.testcases.HomePageTest"/>
  <system-out/>
  <testcase name="homePageContactsTest" time="12.245" classname="com.crm.qa.testcases.HomePageTest"/>
  <system-out/>
  <testcase name="homePageCalendarTest" time="12.657" classname="com.crm.qa.testcases.HomePageTest"/>
  <system-out/>
</testsuite> <!-- com.crm.qa.testcases.HomePageTest -->
